{"C:\\Users\\PowerGuido\\Desktop\\Matheus\\ctd-esp-front3-final\\components\\card\\card.tsx": {"path":"C:\\Users\\PowerGuido\\Desktop\\Matheus\\ctd-esp-front3-final\\components\\card\\card.tsx","statementMap":{"0":{"start":{"line":85,"column":0},"end":{"line":85,"column":15}},"1":{"start":{"line":9,"column":7},"end":{"line":9,"column":null}},"2":{"start":{"line":10,"column":17},"end":{"line":10,"column":null}},"3":{"start":{"line":11,"column":37},"end":{"line":11,"column":null}},"4":{"start":{"line":19,"column":20},"end":{"line":83,"column":1}},"5":{"start":{"line":20,"column":34},"end":{"line":20,"column":68}},"6":{"start":{"line":22,"column":28},"end":{"line":24,"column":3}},"7":{"start":{"line":23,"column":4},"end":{"line":23,"column":37}},"8":{"start":{"line":26,"column":29},"end":{"line":28,"column":3}},"9":{"start":{"line":27,"column":4},"end":{"line":27,"column":22}},"10":{"start":{"line":30,"column":15},"end":{"line":30,"column":32}},"11":{"start":{"line":32,"column":2},"end":{"line":81,"column":null}},"12":{"start":{"line":85,"column":15},"end":{"line":85,"column":26}}},"fnMap":{"0":{"name":"(anonymous_0)","decl":{"start":{"line":85,"column":0},"end":{"line":85,"column":15}},"loc":{"start":{"line":85,"column":0},"end":{"line":85,"column":15}}},"1":{"name":"(anonymous_2)","decl":{"start":{"line":19,"column":20},"end":{"line":19,"column":21}},"loc":{"start":{"line":19,"column":58},"end":{"line":83,"column":1}}},"2":{"name":"(anonymous_3)","decl":{"start":{"line":22,"column":28},"end":{"line":22,"column":29}},"loc":{"start":{"line":22,"column":64},"end":{"line":24,"column":3}}},"3":{"name":"(anonymous_4)","decl":{"start":{"line":26,"column":29},"end":{"line":26,"column":35}},"loc":{"start":{"line":26,"column":35},"end":{"line":28,"column":3}}}},"branchMap":{"0":{"loc":{"start":{"line":42,"column":21},"end":{"line":42,"column":60}},"type":"cond-expr","locations":[{"start":{"line":42,"column":28},"end":{"line":42,"column":48}},{"start":{"line":42,"column":51},"end":{"line":42,"column":60}}]}},"s":{"0":2,"1":1,"2":1,"3":1,"4":1,"5":2,"6":2,"7":0,"8":2,"9":0,"10":2,"11":2,"12":1},"f":{"0":2,"1":2,"2":0,"3":0},"b":{"0":[0,2]}}
,"C:\\Users\\PowerGuido\\Desktop\\Matheus\\ctd-esp-front3-final\\components\\faqs\\faqsData.ts": {"path":"C:\\Users\\PowerGuido\\Desktop\\Matheus\\ctd-esp-front3-final\\components\\faqs\\faqsData.ts","statementMap":{"0":{"start":{"line":7,"column":13},"end":{"line":7,"column":21}},"1":{"start":{"line":7,"column":36},"end":{"line":38,"column":1}}},"fnMap":{"0":{"name":"(anonymous_0)","decl":{"start":{"line":7,"column":13},"end":{"line":7,"column":21}},"loc":{"start":{"line":7,"column":13},"end":{"line":7,"column":21}}}},"branchMap":{},"s":{"0":1,"1":1},"f":{"0":1},"b":{}}
,"C:\\Users\\PowerGuido\\Desktop\\Matheus\\ctd-esp-front3-final\\components\\layouts\\layout-checkout.tsx": {"path":"C:\\Users\\PowerGuido\\Desktop\\Matheus\\ctd-esp-front3-final\\components\\layouts\\layout-checkout.tsx","statementMap":{"0":{"start":{"line":23,"column":0},"end":{"line":23,"column":15}},"1":{"start":{"line":1,"column":23},"end":{"line":1,"column":null}},"2":{"start":{"line":3,"column":22},"end":{"line":3,"column":null}},"3":{"start":{"line":4,"column":16},"end":{"line":4,"column":null}},"4":{"start":{"line":5,"column":26},"end":{"line":5,"column":null}},"5":{"start":{"line":6,"column":26},"end":{"line":6,"column":null}},"6":{"start":{"line":8,"column":46},"end":{"line":22,"column":1}},"7":{"start":{"line":11,"column":2},"end":{"line":20,"column":null}},"8":{"start":{"line":23,"column":15},"end":{"line":23,"column":29}}},"fnMap":{"0":{"name":"(anonymous_0)","decl":{"start":{"line":23,"column":0},"end":{"line":23,"column":15}},"loc":{"start":{"line":23,"column":0},"end":{"line":23,"column":15}}},"1":{"name":"(anonymous_5)","decl":{"start":{"line":8,"column":46},"end":{"line":8,"column":47}},"loc":{"start":{"line":10,"column":25},"end":{"line":22,"column":1}}}},"branchMap":{},"s":{"0":9,"1":2,"2":2,"3":2,"4":2,"5":2,"6":2,"7":9,"8":2},"f":{"0":9,"1":9},"b":{}}
,"C:\\Users\\PowerGuido\\Desktop\\Matheus\\ctd-esp-front3-final\\components\\layouts\\layout-general.tsx": {"path":"C:\\Users\\PowerGuido\\Desktop\\Matheus\\ctd-esp-front3-final\\components\\layouts\\layout-general.tsx","statementMap":{"0":{"start":{"line":23,"column":0},"end":{"line":23,"column":15}},"1":{"start":{"line":1,"column":23},"end":{"line":1,"column":null}},"2":{"start":{"line":3,"column":22},"end":{"line":3,"column":null}},"3":{"start":{"line":4,"column":16},"end":{"line":4,"column":null}},"4":{"start":{"line":5,"column":26},"end":{"line":5,"column":null}},"5":{"start":{"line":6,"column":26},"end":{"line":6,"column":null}},"6":{"start":{"line":8,"column":45},"end":{"line":22,"column":1}},"7":{"start":{"line":11,"column":2},"end":{"line":20,"column":null}},"8":{"start":{"line":23,"column":15},"end":{"line":23,"column":28}}},"fnMap":{"0":{"name":"(anonymous_0)","decl":{"start":{"line":23,"column":0},"end":{"line":23,"column":15}},"loc":{"start":{"line":23,"column":0},"end":{"line":23,"column":15}}},"1":{"name":"(anonymous_5)","decl":{"start":{"line":8,"column":45},"end":{"line":8,"column":46}},"loc":{"start":{"line":10,"column":25},"end":{"line":22,"column":1}}}},"branchMap":{},"s":{"0":3,"1":1,"2":1,"3":1,"4":1,"5":1,"6":1,"7":3,"8":1},"f":{"0":3,"1":3},"b":{}}
,"C:\\Users\\PowerGuido\\Desktop\\Matheus\\ctd-esp-front3-final\\components\\layouts\\body\\single\\body-single.tsx": {"path":"C:\\Users\\PowerGuido\\Desktop\\Matheus\\ctd-esp-front3-final\\components\\layouts\\body\\single\\body-single.tsx","statementMap":{"0":{"start":{"line":35,"column":0},"end":{"line":35,"column":15}},"1":{"start":{"line":1,"column":23},"end":{"line":1,"column":null}},"2":{"start":{"line":3,"column":42},"end":{"line":3,"column":null}},"3":{"start":{"line":4,"column":34},"end":{"line":4,"column":null}},"4":{"start":{"line":11,"column":40},"end":{"line":34,"column":1}},"5":{"start":{"line":16,"column":2},"end":{"line":32,"column":null}},"6":{"start":{"line":35,"column":15},"end":{"line":35,"column":25}}},"fnMap":{"0":{"name":"(anonymous_0)","decl":{"start":{"line":35,"column":0},"end":{"line":35,"column":15}},"loc":{"start":{"line":35,"column":0},"end":{"line":35,"column":15}}},"1":{"name":"(anonymous_5)","decl":{"start":{"line":11,"column":40},"end":{"line":11,"column":41}},"loc":{"start":{"line":15,"column":23},"end":{"line":34,"column":1}}}},"branchMap":{"0":{"loc":{"start":{"line":19,"column":9},"end":{"line":28,"column":23}},"type":"binary-expr","locations":[{"start":{"line":19,"column":9},"end":{"line":19,"column":14}},{"start":{"line":20,"column":10},"end":{"line":28,"column":23}}]}},"s":{"0":3,"1":2,"2":2,"3":2,"4":2,"5":3,"6":2},"f":{"0":3,"1":3},"b":{"0":[3,2]}}
,"C:\\Users\\PowerGuido\\Desktop\\Matheus\\ctd-esp-front3-final\\components\\layouts\\footer\\general-footer.component.tsx": {"path":"C:\\Users\\PowerGuido\\Desktop\\Matheus\\ctd-esp-front3-final\\components\\layouts\\footer\\general-footer.component.tsx","statementMap":{"0":{"start":{"line":46,"column":0},"end":{"line":46,"column":15}},"1":{"start":{"line":1,"column":23},"end":{"line":1,"column":null}},"2":{"start":{"line":2,"column":16},"end":{"line":2,"column":null}},"3":{"start":{"line":3,"column":18},"end":{"line":3,"column":null}},"4":{"start":{"line":4,"column":21},"end":{"line":4,"column":null}},"5":{"start":{"line":6,"column":22},"end":{"line":45,"column":1}},"6":{"start":{"line":7,"column":2},"end":{"line":43,"column":null}},"7":{"start":{"line":46,"column":15},"end":{"line":46,"column":28}}},"fnMap":{"0":{"name":"(anonymous_0)","decl":{"start":{"line":46,"column":0},"end":{"line":46,"column":15}},"loc":{"start":{"line":46,"column":0},"end":{"line":46,"column":15}}},"1":{"name":"(anonymous_5)","decl":{"start":{"line":6,"column":22},"end":{"line":6,"column":28}},"loc":{"start":{"line":6,"column":28},"end":{"line":45,"column":1}}}},"branchMap":{},"s":{"0":8,"1":2,"2":2,"3":2,"4":2,"5":2,"6":8,"7":2},"f":{"0":8,"1":8},"b":{}}
,"C:\\Users\\PowerGuido\\Desktop\\Matheus\\ctd-esp-front3-final\\components\\layouts\\header\\general-header.component.tsx": {"path":"C:\\Users\\PowerGuido\\Desktop\\Matheus\\ctd-esp-front3-final\\components\\layouts\\header\\general-header.component.tsx","statementMap":{"0":{"start":{"line":63,"column":0},"end":{"line":63,"column":15}},"1":{"start":{"line":1,"column":23},"end":{"line":1,"column":null}},"2":{"start":{"line":3,"column":19},"end":{"line":3,"column":null}},"3":{"start":{"line":4,"column":16},"end":{"line":4,"column":null}},"4":{"start":{"line":5,"column":20},"end":{"line":5,"column":null}},"5":{"start":{"line":6,"column":22},"end":{"line":6,"column":null}},"6":{"start":{"line":7,"column":21},"end":{"line":7,"column":null}},"7":{"start":{"line":8,"column":32},"end":{"line":8,"column":null}},"8":{"start":{"line":14,"column":26},"end":{"line":48,"column":1}},"9":{"start":{"line":15,"column":2},"end":{"line":46,"column":null}},"10":{"start":{"line":50,"column":33},"end":{"line":58,"column":1}},"11":{"start":{"line":51,"column":2},"end":{"line":56,"column":32}},"12":{"start":{"line":59,"column":0},"end":{"line":61,"column":2}},"13":{"start":{"line":63,"column":15},"end":{"line":63,"column":28}}},"fnMap":{"0":{"name":"(anonymous_0)","decl":{"start":{"line":63,"column":0},"end":{"line":63,"column":15}},"loc":{"start":{"line":63,"column":0},"end":{"line":63,"column":15}}},"1":{"name":"(anonymous_5)","decl":{"start":{"line":14,"column":26},"end":{"line":14,"column":27}},"loc":{"start":{"line":14,"column":50},"end":{"line":48,"column":1}}},"2":{"name":"(anonymous_6)","decl":{"start":{"line":50,"column":33},"end":{"line":50,"column":34}},"loc":{"start":{"line":50,"column":57},"end":{"line":58,"column":1}}}},"branchMap":{"0":{"loc":{"start":{"line":33,"column":9},"end":{"line":43,"column":16}},"type":"binary-expr","locations":[{"start":{"line":33,"column":9},"end":{"line":33,"column":29}},{"start":{"line":34,"column":10},"end":{"line":43,"column":16}}]},"1":{"loc":{"start":{"line":51,"column":9},"end":{"line":56,"column":32}},"type":"cond-expr","locations":[{"start":{"line":52,"column":4},"end":{"line":54,"column":null}},{"start":{"line":56,"column":4},"end":{"line":56,"column":32}}]}},"s":{"0":12,"1":2,"2":2,"3":2,"4":2,"5":2,"6":2,"7":2,"8":2,"9":12,"10":2,"11":12,"12":2,"13":2},"f":{"0":12,"1":12,"2":12},"b":{"0":[12,3],"1":[3,9]}}
,"C:\\Users\\PowerGuido\\Desktop\\Matheus\\ctd-esp-front3-final\\pages\\faq.page.tsx": {"path":"C:\\Users\\PowerGuido\\Desktop\\Matheus\\ctd-esp-front3-final\\pages\\faq.page.tsx","statementMap":{"0":{"start":{"line":29,"column":0},"end":{"line":29,"column":15}},"1":{"start":{"line":1,"column":85},"end":{"line":1,"column":null}},"2":{"start":{"line":2,"column":27},"end":{"line":2,"column":null}},"3":{"start":{"line":3,"column":18},"end":{"line":3,"column":null}},"4":{"start":{"line":4,"column":25},"end":{"line":4,"column":null}},"5":{"start":{"line":6,"column":12},"end":{"line":27,"column":null}},"6":{"start":{"line":7,"column":2},"end":{"line":25,"column":null}},"7":{"start":{"line":11,"column":10},"end":{"line":11,"column":null}},"8":{"start":{"line":29,"column":15},"end":{"line":29,"column":18}}},"fnMap":{"0":{"name":"(anonymous_0)","decl":{"start":{"line":29,"column":0},"end":{"line":29,"column":15}},"loc":{"start":{"line":29,"column":0},"end":{"line":29,"column":15}}},"1":{"name":"(anonymous_2)","decl":{"start":{"line":6,"column":12},"end":{"line":6,"column":18}},"loc":{"start":{"line":6,"column":18},"end":{"line":27,"column":null}}},"2":{"name":"(anonymous_3)","decl":{"start":{"line":10,"column":22},"end":{"line":10,"column":25}},"loc":{"start":{"line":11,"column":10},"end":{"line":11,"column":null}}}},"branchMap":{},"s":{"0":1,"1":1,"2":1,"3":1,"4":1,"5":1,"6":1,"7":5,"8":1},"f":{"0":1,"1":1,"2":5},"b":{}}
,"C:\\Users\\PowerGuido\\Desktop\\Matheus\\ctd-esp-front3-final\\pages\\index.page.tsx": {"path":"C:\\Users\\PowerGuido\\Desktop\\Matheus\\ctd-esp-front3-final\\pages\\index.page.tsx","statementMap":{"0":{"start":{"line":49,"column":13},"end":{"line":49,"column":31}},"1":{"start":{"line":62,"column":0},"end":{"line":62,"column":15}},"2":{"start":{"line":1,"column":21},"end":{"line":1,"column":null}},"3":{"start":{"line":2,"column":17},"end":{"line":2,"column":null}},"4":{"start":{"line":3,"column":23},"end":{"line":3,"column":null}},"5":{"start":{"line":4,"column":26},"end":{"line":4,"column":null}},"6":{"start":{"line":6,"column":17},"end":{"line":6,"column":null}},"7":{"start":{"line":21,"column":14},"end":{"line":47,"column":1}},"8":{"start":{"line":23,"column":2},"end":{"line":45,"column":null}},"9":{"start":{"line":35,"column":14},"end":{"line":35,"column":null}},"10":{"start":{"line":49,"column":54},"end":{"line":60,"column":1}},"11":{"start":{"line":50,"column":15},"end":{"line":50,"column":38}},"12":{"start":{"line":51,"column":17},"end":{"line":53,"column":4}},"13":{"start":{"line":52,"column":4},"end":{"line":52,"column":36}},"14":{"start":{"line":55,"column":2},"end":{"line":59,"column":4}},"15":{"start":{"line":62,"column":15},"end":{"line":62,"column":20}}},"fnMap":{"0":{"name":"(anonymous_1)","decl":{"start":{"line":49,"column":31},"end":{"line":49,"column":54}},"loc":{"start":{"line":49,"column":13},"end":{"line":49,"column":31}}},"1":{"name":"(anonymous_2)","decl":{"start":{"line":62,"column":21},"end":{"line":62,"column":null}},"loc":{"start":{"line":62,"column":0},"end":{"line":62,"column":15}}},"2":{"name":"(anonymous_4)","decl":{"start":{"line":21,"column":14},"end":{"line":21,"column":15}},"loc":{"start":{"line":21,"column":41},"end":{"line":47,"column":1}}},"3":{"name":"(anonymous_5)","decl":{"start":{"line":34,"column":23},"end":{"line":34,"column":24}},"loc":{"start":{"line":35,"column":14},"end":{"line":35,"column":null}}},"4":{"name":"(anonymous_6)","decl":{"start":{"line":49,"column":54},"end":{"line":49,"column":66}},"loc":{"start":{"line":49,"column":66},"end":{"line":60,"column":1}}},"5":{"name":"(anonymous_7)","decl":{"start":{"line":51,"column":39},"end":{"line":51,"column":40}},"loc":{"start":{"line":51,"column":76},"end":{"line":53,"column":4}}}},"branchMap":{"0":{"loc":{"start":{"line":33,"column":11},"end":{"line":41,"column":21}},"type":"binary-expr","locations":[{"start":{"line":33,"column":11},"end":{"line":33,"column":17}},{"start":{"line":34,"column":12},"end":{"line":41,"column":21}}]}},"s":{"0":0,"1":1,"2":1,"3":1,"4":1,"5":1,"6":1,"7":1,"8":1,"9":2,"10":1,"11":0,"12":0,"13":0,"14":0,"15":1},"f":{"0":0,"1":1,"2":1,"3":2,"4":0,"5":0},"b":{"0":[1,1]}}
,"C:\\Users\\PowerGuido\\Desktop\\Matheus\\ctd-esp-front3-final\\pages\\api\\checkout.route.ts": {"path":"C:\\Users\\PowerGuido\\Desktop\\Matheus\\ctd-esp-front3-final\\pages\\api\\checkout.route.ts","statementMap":{"0":{"start":{"line":13,"column":13},"end":{"line":13,"column":27}},"1":{"start":{"line":14,"column":13},"end":{"line":14,"column":22}},"2":{"start":{"line":15,"column":13},"end":{"line":15,"column":29}},"3":{"start":{"line":16,"column":13},"end":{"line":16,"column":37}},"4":{"start":{"line":27,"column":24},"end":{"line":27,"column":31}},"5":{"start":{"line":10,"column":7},"end":{"line":10,"column":null}},"6":{"start":{"line":12,"column":20},"end":{"line":12,"column":27}},"7":{"start":{"line":13,"column":30},"end":{"line":13,"column":39}},"8":{"start":{"line":14,"column":25},"end":{"line":14,"column":63}},"9":{"start":{"line":15,"column":32},"end":{"line":15,"column":70}},"10":{"start":{"line":16,"column":40},"end":{"line":16,"column":78}},"11":{"start":{"line":31,"column":2},"end":{"line":34,"column":null}},"12":{"start":{"line":32,"column":4},"end":{"line":32,"column":51}},"13":{"start":{"line":33,"column":4},"end":{"line":33,"column":11}},"14":{"start":{"line":35,"column":2},"end":{"line":56,"column":null}},"15":{"start":{"line":36,"column":32},"end":{"line":36,"column":40}},"16":{"start":{"line":37,"column":4},"end":{"line":40,"column":null}},"17":{"start":{"line":38,"column":6},"end":{"line":38,"column":52}},"18":{"start":{"line":39,"column":6},"end":{"line":39,"column":13}},"19":{"start":{"line":41,"column":4},"end":{"line":44,"column":null}},"20":{"start":{"line":42,"column":6},"end":{"line":42,"column":53}},"21":{"start":{"line":43,"column":6},"end":{"line":43,"column":13}},"22":{"start":{"line":45,"column":4},"end":{"line":48,"column":null}},"23":{"start":{"line":46,"column":6},"end":{"line":46,"column":61}},"24":{"start":{"line":47,"column":6},"end":{"line":47,"column":13}},"25":{"start":{"line":49,"column":4},"end":{"line":52,"column":null}},"26":{"start":{"line":50,"column":6},"end":{"line":50,"column":43}},"27":{"start":{"line":51,"column":6},"end":{"line":51,"column":13}},"28":{"start":{"line":53,"column":4},"end":{"line":53,"column":52}},"29":{"start":{"line":55,"column":4},"end":{"line":55,"column":39}}},"fnMap":{"0":{"name":"(anonymous_1)","decl":{"start":{"line":13,"column":27},"end":{"line":13,"column":30}},"loc":{"start":{"line":13,"column":13},"end":{"line":13,"column":27}}},"1":{"name":"(anonymous_2)","decl":{"start":{"line":14,"column":22},"end":{"line":14,"column":25}},"loc":{"start":{"line":14,"column":13},"end":{"line":14,"column":22}}},"2":{"name":"(anonymous_3)","decl":{"start":{"line":15,"column":29},"end":{"line":15,"column":32}},"loc":{"start":{"line":15,"column":13},"end":{"line":15,"column":29}}},"3":{"name":"(anonymous_4)","decl":{"start":{"line":16,"column":37},"end":{"line":16,"column":40}},"loc":{"start":{"line":16,"column":13},"end":{"line":16,"column":37}}},"4":{"name":"(anonymous_5)","decl":{"start":{"line":57,"column":1},"end":{"line":57,"column":null}},"loc":{"start":{"line":27,"column":24},"end":{"line":27,"column":31}}},"5":{"name":"handler","decl":{"start":{"line":27,"column":24},"end":{"line":27,"column":31}},"loc":{"start":{"line":30,"column":2},"end":{"line":57,"column":null}}}},"branchMap":{"0":{"loc":{"start":{"line":31,"column":2},"end":{"line":34,"column":null}},"type":"if","locations":[{"start":{"line":31,"column":2},"end":{"line":34,"column":null}}]},"1":{"loc":{"start":{"line":37,"column":4},"end":{"line":40,"column":null}},"type":"if","locations":[{"start":{"line":37,"column":4},"end":{"line":40,"column":null}}]},"2":{"loc":{"start":{"line":41,"column":4},"end":{"line":44,"column":null}},"type":"if","locations":[{"start":{"line":41,"column":4},"end":{"line":44,"column":null}}]},"3":{"loc":{"start":{"line":45,"column":4},"end":{"line":48,"column":null}},"type":"if","locations":[{"start":{"line":45,"column":4},"end":{"line":48,"column":null}}]},"4":{"loc":{"start":{"line":49,"column":4},"end":{"line":52,"column":null}},"type":"if","locations":[{"start":{"line":49,"column":4},"end":{"line":52,"column":null}}]}},"s":{"0":3,"1":2,"2":3,"3":3,"4":7,"5":12,"6":12,"7":12,"8":12,"9":12,"10":12,"11":7,"12":1,"13":1,"14":6,"15":6,"16":6,"17":1,"18":1,"19":4,"20":1,"21":1,"22":3,"23":1,"24":1,"25":2,"26":1,"27":1,"28":1,"29":1},"f":{"0":3,"1":2,"2":3,"3":3,"4":7,"5":7},"b":{"0":[1],"1":[1],"2":[1],"3":[1],"4":[1]}}
,"C:\\Users\\PowerGuido\\Desktop\\Matheus\\ctd-esp-front3-final\\pages\\character\\[id].page.tsx": {"path":"C:\\Users\\PowerGuido\\Desktop\\Matheus\\ctd-esp-front3-final\\pages\\character\\[id].page.tsx","statementMap":{"0":{"start":{"line":42,"column":13},"end":{"line":42,"column":27}},"1":{"start":{"line":49,"column":13},"end":{"line":49,"column":27}},"2":{"start":{"line":58,"column":0},"end":{"line":58,"column":15}},"3":{"start":{"line":1,"column":49},"end":{"line":1,"column":null}},"4":{"start":{"line":2,"column":29},"end":{"line":2,"column":null}},"5":{"start":{"line":4,"column":17},"end":{"line":4,"column":null}},"6":{"start":{"line":6,"column":39},"end":{"line":6,"column":null}},"7":{"start":{"line":12,"column":24},"end":{"line":40,"column":1}},"8":{"start":{"line":13,"column":2},"end":{"line":15,"column":null}},"9":{"start":{"line":14,"column":4},"end":{"line":14,"column":61}},"10":{"start":{"line":17,"column":2},"end":{"line":38,"column":null}},"11":{"start":{"line":42,"column":46},"end":{"line":47,"column":1}},"12":{"start":{"line":43,"column":2},"end":{"line":46,"column":4}},"13":{"start":{"line":49,"column":46},"end":{"line":56,"column":1}},"14":{"start":{"line":50,"column":22},"end":{"line":50,"column":31}},"15":{"start":{"line":51,"column":20},"end":{"line":51,"column":51}},"16":{"start":{"line":52,"column":2},"end":{"line":55,"column":4}},"17":{"start":{"line":58,"column":15},"end":{"line":58,"column":30}}},"fnMap":{"0":{"name":"(anonymous_1)","decl":{"start":{"line":42,"column":27},"end":{"line":42,"column":46}},"loc":{"start":{"line":42,"column":13},"end":{"line":42,"column":27}}},"1":{"name":"(anonymous_2)","decl":{"start":{"line":49,"column":27},"end":{"line":49,"column":46}},"loc":{"start":{"line":49,"column":13},"end":{"line":49,"column":27}}},"2":{"name":"(anonymous_3)","decl":{"start":{"line":58,"column":31},"end":{"line":58,"column":null}},"loc":{"start":{"line":58,"column":0},"end":{"line":58,"column":15}}},"3":{"name":"(anonymous_5)","decl":{"start":{"line":12,"column":24},"end":{"line":12,"column":25}},"loc":{"start":{"line":12,"column":65},"end":{"line":40,"column":1}}},"4":{"name":"(anonymous_6)","decl":{"start":{"line":42,"column":46},"end":{"line":42,"column":58}},"loc":{"start":{"line":42,"column":58},"end":{"line":47,"column":1}}},"5":{"name":"(anonymous_7)","decl":{"start":{"line":49,"column":46},"end":{"line":49,"column":53}},"loc":{"start":{"line":49,"column":73},"end":{"line":56,"column":1}}}},"branchMap":{"0":{"loc":{"start":{"line":13,"column":2},"end":{"line":15,"column":null}},"type":"if","locations":[{"start":{"line":13,"column":2},"end":{"line":15,"column":null}}]},"1":{"loc":{"start":{"line":33,"column":11},"end":{"line":35,"column":52}},"type":"cond-expr","locations":[{"start":{"line":34,"column":14},"end":{"line":34,"column":35}},{"start":{"line":35,"column":14},"end":{"line":35,"column":52}}]}},"s":{"0":0,"1":0,"2":0,"3":0,"4":0,"5":0,"6":0,"7":0,"8":0,"9":0,"10":0,"11":0,"12":0,"13":0,"14":0,"15":0,"16":0,"17":0},"f":{"0":0,"1":0,"2":0,"3":0,"4":0,"5":0},"b":{"0":[0],"1":[0,0]}}
,"C:\\Users\\PowerGuido\\Desktop\\Matheus\\ctd-esp-front3-final\\pages\\checkout\\[id].page.tsx": {"path":"C:\\Users\\PowerGuido\\Desktop\\Matheus\\ctd-esp-front3-final\\pages\\checkout\\[id].page.tsx","statementMap":{"0":{"start":{"line":232,"column":0},"end":{"line":232,"column":15}},"1":{"start":{"line":234,"column":13},"end":{"line":234,"column":31}},"2":{"start":{"line":1,"column":28},"end":{"line":1,"column":null}},"3":{"start":{"line":2,"column":110},"end":{"line":2,"column":null}},"4":{"start":{"line":3,"column":18},"end":{"line":3,"column":null}},"5":{"start":{"line":4,"column":27},"end":{"line":4,"column":null}},"6":{"start":{"line":5,"column":32},"end":{"line":5,"column":null}},"7":{"start":{"line":7,"column":25},"end":{"line":7,"column":null}},"8":{"start":{"line":9,"column":26},"end":{"line":9,"column":null}},"9":{"start":{"line":10,"column":37},"end":{"line":10,"column":null}},"10":{"start":{"line":11,"column":24},"end":{"line":11,"column":null}},"11":{"start":{"line":13,"column":31},"end":{"line":13,"column":null}},"12":{"start":{"line":14,"column":39},"end":{"line":14,"column":null}},"13":{"start":{"line":15,"column":31},"end":{"line":15,"column":null}},"14":{"start":{"line":23,"column":46},"end":{"line":230,"column":null}},"15":{"start":{"line":24,"column":62},"end":{"line":26,"column":6}},"16":{"start":{"line":27,"column":28},"end":{"line":27,"column":43}},"17":{"start":{"line":28,"column":44},"end":{"line":28,"column":56}},"18":{"start":{"line":29,"column":19},"end":{"line":29,"column":30}},"19":{"start":{"line":30,"column":31},"end":{"line":30,"column":58}},"20":{"start":{"line":32,"column":21},"end":{"line":50,"column":5}},"21":{"start":{"line":33,"column":24},"end":{"line":41,"column":9}},"22":{"start":{"line":43,"column":8},"end":{"line":49,"column":11}},"23":{"start":{"line":44,"column":12},"end":{"line":44,"column":42}},"24":{"start":{"line":45,"column":12},"end":{"line":45,"column":null}},"25":{"start":{"line":47,"column":12},"end":{"line":47,"column":26}},"26":{"start":{"line":48,"column":12},"end":{"line":48,"column":55}},"27":{"start":{"line":52,"column":4},"end":{"line":228,"column":null}},"28":{"start":{"line":222,"column":31},"end":{"line":222,"column":45}},"29":{"start":{"line":232,"column":15},"end":{"line":232,"column":23}},"30":{"start":{"line":234,"column":54},"end":{"line":243,"column":null}},"31":{"start":{"line":235,"column":19},"end":{"line":235,"column":24}},"32":{"start":{"line":236,"column":18},"end":{"line":236,"column":44}},"33":{"start":{"line":238,"column":4},"end":{"line":242,"column":null}}},"fnMap":{"0":{"name":"(anonymous_1)","decl":{"start":{"line":232,"column":24},"end":{"line":232,"column":null}},"loc":{"start":{"line":232,"column":0},"end":{"line":232,"column":15}}},"1":{"name":"(anonymous_2)","decl":{"start":{"line":234,"column":31},"end":{"line":234,"column":54}},"loc":{"start":{"line":234,"column":13},"end":{"line":234,"column":31}}},"2":{"name":"(anonymous_4)","decl":{"start":{"line":23,"column":46},"end":{"line":23,"column":47}},"loc":{"start":{"line":23,"column":80},"end":{"line":230,"column":null}}},"3":{"name":"(anonymous_5)","decl":{"start":{"line":32,"column":21},"end":{"line":32,"column":28}},"loc":{"start":{"line":32,"column":52},"end":{"line":50,"column":5}}},"4":{"name":"(anonymous_6)","decl":{"start":{"line":43,"column":77},"end":{"line":43,"column":80}},"loc":{"start":{"line":43,"column":84},"end":{"line":46,"column":10}}},"5":{"name":"(anonymous_7)","decl":{"start":{"line":46,"column":17},"end":{"line":46,"column":20}},"loc":{"start":{"line":46,"column":24},"end":{"line":49,"column":10}}},"6":{"name":"(anonymous_8)","decl":{"start":{"line":222,"column":25},"end":{"line":222,"column":31}},"loc":{"start":{"line":222,"column":31},"end":{"line":222,"column":45}}},"7":{"name":"(anonymous_9)","decl":{"start":{"line":234,"column":54},"end":{"line":234,"column":61}},"loc":{"start":{"line":234,"column":75},"end":{"line":243,"column":null}}}},"branchMap":{"0":{"loc":{"start":{"line":60,"column":29},"end":{"line":69,"column":45}},"type":"binary-expr","locations":[{"start":{"line":60,"column":29},"end":{"line":60,"column":52}},{"start":{"line":61,"column":32},"end":{"line":69,"column":45}}]},"1":{"loc":{"start":{"line":73,"column":29},"end":{"line":81,"column":null}},"type":"binary-expr","locations":[{"start":{"line":73,"column":29},"end":{"line":73,"column":56}},{"start":{"line":73,"column":60},"end":{"line":81,"column":null}}]},"2":{"loc":{"start":{"line":85,"column":29},"end":{"line":93,"column":null}},"type":"binary-expr","locations":[{"start":{"line":85,"column":29},"end":{"line":85,"column":53}},{"start":{"line":85,"column":57},"end":{"line":93,"column":null}}]},"3":{"loc":{"start":{"line":100,"column":29},"end":{"line":108,"column":null}},"type":"binary-expr","locations":[{"start":{"line":100,"column":29},"end":{"line":100,"column":65}},{"start":{"line":100,"column":69},"end":{"line":108,"column":null}}]},"4":{"loc":{"start":{"line":115,"column":29},"end":{"line":123,"column":null}},"type":"binary-expr","locations":[{"start":{"line":115,"column":29},"end":{"line":115,"column":61}},{"start":{"line":115,"column":65},"end":{"line":123,"column":null}}]},"5":{"loc":{"start":{"line":127,"column":29},"end":{"line":135,"column":null}},"type":"binary-expr","locations":[{"start":{"line":127,"column":29},"end":{"line":127,"column":62}},{"start":{"line":127,"column":66},"end":{"line":135,"column":null}}]},"6":{"loc":{"start":{"line":139,"column":29},"end":{"line":147,"column":null}},"type":"binary-expr","locations":[{"start":{"line":139,"column":29},"end":{"line":139,"column":64}},{"start":{"line":139,"column":68},"end":{"line":147,"column":null}}]},"7":{"loc":{"start":{"line":154,"column":29},"end":{"line":162,"column":null}},"type":"binary-expr","locations":[{"start":{"line":154,"column":29},"end":{"line":154,"column":50}},{"start":{"line":154,"column":54},"end":{"line":162,"column":null}}]},"8":{"loc":{"start":{"line":166,"column":29},"end":{"line":174,"column":null}},"type":"binary-expr","locations":[{"start":{"line":166,"column":29},"end":{"line":166,"column":54}},{"start":{"line":166,"column":58},"end":{"line":174,"column":null}}]},"9":{"loc":{"start":{"line":178,"column":29},"end":{"line":186,"column":null}},"type":"binary-expr","locations":[{"start":{"line":178,"column":29},"end":{"line":178,"column":51}},{"start":{"line":178,"column":55},"end":{"line":186,"column":null}}]},"10":{"loc":{"start":{"line":190,"column":29},"end":{"line":198,"column":null}},"type":"binary-expr","locations":[{"start":{"line":190,"column":29},"end":{"line":190,"column":47}},{"start":{"line":190,"column":51},"end":{"line":198,"column":null}}]}},"s":{"0":4,"1":0,"2":1,"3":1,"4":1,"5":1,"6":1,"7":1,"8":1,"9":1,"10":1,"11":1,"12":1,"13":1,"14":1,"15":6,"16":6,"17":6,"18":6,"19":6,"20":6,"21":2,"22":2,"23":0,"24":0,"25":2,"26":2,"27":6,"28":0,"29":1,"30":1,"31":0,"32":0,"33":0},"f":{"0":4,"1":0,"2":6,"3":2,"4":0,"5":2,"6":0,"7":0},"b":{"0":[6,1],"1":[6,1],"2":[6,1],"3":[6,1],"4":[6,1],"5":[6,1],"6":[6,1],"7":[6,1],"8":[6,1],"9":[6,1],"10":[6,1]}}
,"C:\\Users\\PowerGuido\\Desktop\\Matheus\\ctd-esp-front3-final\\pages\\checkout\\sucess.page.tsx": {"path":"C:\\Users\\PowerGuido\\Desktop\\Matheus\\ctd-esp-front3-final\\pages\\checkout\\sucess.page.tsx","statementMap":{"0":{"start":{"line":48,"column":0},"end":{"line":48,"column":15}},"1":{"start":{"line":1,"column":56},"end":{"line":1,"column":null}},"2":{"start":{"line":2,"column":32},"end":{"line":2,"column":null}},"3":{"start":{"line":3,"column":38},"end":{"line":3,"column":null}},"4":{"start":{"line":4,"column":31},"end":{"line":4,"column":null}},"5":{"start":{"line":6,"column":19},"end":{"line":46,"column":null}},"6":{"start":{"line":7,"column":23},"end":{"line":7,"column":50}},"7":{"start":{"line":9,"column":2},"end":{"line":11,"column":null}},"8":{"start":{"line":10,"column":4},"end":{"line":10,"column":25}},"9":{"start":{"line":13,"column":2},"end":{"line":16,"column":null}},"10":{"start":{"line":14,"column":4},"end":{"line":14,"column":26}},"11":{"start":{"line":15,"column":4},"end":{"line":15,"column":40}},"12":{"start":{"line":18,"column":30},"end":{"line":18,"column":38}},"13":{"start":{"line":19,"column":22},"end":{"line":19,"column":30}},"14":{"start":{"line":20,"column":2},"end":{"line":44,"column":null}},"15":{"start":{"line":48,"column":15},"end":{"line":48,"column":25}}},"fnMap":{"0":{"name":"(anonymous_0)","decl":{"start":{"line":48,"column":0},"end":{"line":48,"column":15}},"loc":{"start":{"line":48,"column":0},"end":{"line":48,"column":15}}},"1":{"name":"(anonymous_1)","decl":{"start":{"line":6,"column":19},"end":{"line":6,"column":25}},"loc":{"start":{"line":6,"column":25},"end":{"line":46,"column":null}}},"2":{"name":"(anonymous_2)","decl":{"start":{"line":13,"column":12},"end":{"line":13,"column":18}},"loc":{"start":{"line":13,"column":18},"end":{"line":16,"column":5}}}},"branchMap":{"0":{"loc":{"start":{"line":9,"column":2},"end":{"line":11,"column":null}},"type":"if","locations":[{"start":{"line":9,"column":2},"end":{"line":11,"column":null}}]},"1":{"loc":{"start":{"line":39,"column":17},"end":{"line":39,"column":135}},"type":"cond-expr","locations":[{"start":{"line":39,"column":38},"end":{"line":39,"column":95}},{"start":{"line":39,"column":98},"end":{"line":39,"column":135}}]}},"s":{"0":0,"1":0,"2":0,"3":0,"4":0,"5":0,"6":0,"7":0,"8":0,"9":0,"10":0,"11":0,"12":0,"13":0,"14":0,"15":0},"f":{"0":0,"1":0,"2":0},"b":{"0":[0],"1":[0,0]}}
,"C:\\Users\\PowerGuido\\Desktop\\Matheus\\ctd-esp-front3-final\\pages\\comic\\[id].page.tsx": {"path":"C:\\Users\\PowerGuido\\Desktop\\Matheus\\ctd-esp-front3-final\\pages\\comic\\[id].page.tsx","statementMap":{"0":{"start":{"line":67,"column":13},"end":{"line":67,"column":27}},"1":{"start":{"line":74,"column":13},"end":{"line":74,"column":27}},"2":{"start":{"line":85,"column":0},"end":{"line":85,"column":15}},"3":{"start":{"line":1,"column":64},"end":{"line":1,"column":null}},"4":{"start":{"line":2,"column":25},"end":{"line":2,"column":null}},"5":{"start":{"line":3,"column":17},"end":{"line":3,"column":null}},"6":{"start":{"line":4,"column":17},"end":{"line":4,"column":null}},"7":{"start":{"line":5,"column":26},"end":{"line":5,"column":null}},"8":{"start":{"line":8,"column":31},"end":{"line":8,"column":null}},"9":{"start":{"line":15,"column":20},"end":{"line":65,"column":1}},"10":{"start":{"line":16,"column":17},"end":{"line":16,"column":28}},"11":{"start":{"line":17,"column":23},"end":{"line":17,"column":37}},"12":{"start":{"line":18,"column":17},"end":{"line":18,"column":73}},"13":{"start":{"line":19,"column":26},"end":{"line":26,"column":4}},"14":{"start":{"line":20,"column":31},"end":{"line":20,"column":79}},"15":{"start":{"line":22,"column":4},"end":{"line":25,"column":6}},"16":{"start":{"line":28,"column":2},"end":{"line":30,"column":null}},"17":{"start":{"line":29,"column":4},"end":{"line":29,"column":33}},"18":{"start":{"line":32,"column":2},"end":{"line":63,"column":null}},"19":{"start":{"line":54,"column":12},"end":{"line":54,"column":null}},"20":{"start":{"line":67,"column":46},"end":{"line":72,"column":1}},"21":{"start":{"line":68,"column":2},"end":{"line":71,"column":4}},"22":{"start":{"line":74,"column":46},"end":{"line":83,"column":1}},"23":{"start":{"line":75,"column":16},"end":{"line":75,"column":41}},"24":{"start":{"line":77,"column":2},"end":{"line":82,"column":4}},"25":{"start":{"line":85,"column":15},"end":{"line":85,"column":26}}},"fnMap":{"0":{"name":"(anonymous_1)","decl":{"start":{"line":67,"column":27},"end":{"line":67,"column":46}},"loc":{"start":{"line":67,"column":13},"end":{"line":67,"column":27}}},"1":{"name":"(anonymous_2)","decl":{"start":{"line":74,"column":27},"end":{"line":74,"column":46}},"loc":{"start":{"line":74,"column":13},"end":{"line":74,"column":27}}},"2":{"name":"(anonymous_3)","decl":{"start":{"line":85,"column":27},"end":{"line":85,"column":null}},"loc":{"start":{"line":85,"column":0},"end":{"line":85,"column":15}}},"3":{"name":"(anonymous_5)","decl":{"start":{"line":15,"column":20},"end":{"line":15,"column":21}},"loc":{"start":{"line":15,"column":53},"end":{"line":65,"column":1}}},"4":{"name":"(anonymous_6)","decl":{"start":{"line":19,"column":54},"end":{"line":19,"column":58}},"loc":{"start":{"line":19,"column":62},"end":{"line":26,"column":4}}},"5":{"name":"(anonymous_7)","decl":{"start":{"line":53,"column":31},"end":{"line":53,"column":40}},"loc":{"start":{"line":54,"column":12},"end":{"line":54,"column":null}}},"6":{"name":"(anonymous_8)","decl":{"start":{"line":67,"column":46},"end":{"line":67,"column":58}},"loc":{"start":{"line":67,"column":58},"end":{"line":72,"column":1}}},"7":{"name":"(anonymous_9)","decl":{"start":{"line":74,"column":46},"end":{"line":74,"column":53}},"loc":{"start":{"line":74,"column":73},"end":{"line":83,"column":1}}}},"branchMap":{"0":{"loc":{"start":{"line":28,"column":2},"end":{"line":30,"column":null}},"type":"if","locations":[{"start":{"line":28,"column":2},"end":{"line":30,"column":null}}]},"1":{"loc":{"start":{"line":49,"column":13},"end":{"line":49,"column":53}},"type":"cond-expr","locations":[{"start":{"line":49,"column":28},"end":{"line":49,"column":37}},{"start":{"line":49,"column":40},"end":{"line":49,"column":53}}]}},"s":{"0":0,"1":0,"2":0,"3":0,"4":0,"5":0,"6":0,"7":0,"8":0,"9":0,"10":0,"11":0,"12":0,"13":0,"14":0,"15":0,"16":0,"17":0,"18":0,"19":0,"20":0,"21":0,"22":0,"23":0,"24":0,"25":0},"f":{"0":0,"1":0,"2":0,"3":0,"4":0,"5":0,"6":0,"7":0},"b":{"0":[0],"1":[0,0]}}
,"C:\\Users\\PowerGuido\\Desktop\\Matheus\\ctd-esp-front3-final\\services\\checkout\\checkout.errors.ts": {"path":"C:\\Users\\PowerGuido\\Desktop\\Matheus\\ctd-esp-front3-final\\services\\checkout\\checkout.errors.ts","statementMap":{"0":{"start":{"line":1,"column":13},"end":{"line":1,"column":37}},"1":{"start":{"line":6,"column":13},"end":{"line":6,"column":37}},"2":{"start":{"line":11,"column":13},"end":{"line":11,"column":45}},"3":{"start":{"line":17,"column":13},"end":{"line":17,"column":38}},"4":{"start":{"line":23,"column":13},"end":{"line":23,"column":36}},"5":{"start":{"line":29,"column":13},"end":{"line":29,"column":25}},"6":{"start":{"line":1,"column":40},"end":{"line":4,"column":1}},"7":{"start":{"line":6,"column":40},"end":{"line":9,"column":1}},"8":{"start":{"line":11,"column":48},"end":{"line":15,"column":1}},"9":{"start":{"line":17,"column":41},"end":{"line":21,"column":1}},"10":{"start":{"line":23,"column":39},"end":{"line":27,"column":1}},"11":{"start":{"line":29,"column":28},"end":{"line":32,"column":1}}},"fnMap":{"0":{"name":"(anonymous_1)","decl":{"start":{"line":1,"column":37},"end":{"line":1,"column":40}},"loc":{"start":{"line":1,"column":13},"end":{"line":1,"column":37}}},"1":{"name":"(anonymous_2)","decl":{"start":{"line":6,"column":37},"end":{"line":6,"column":40}},"loc":{"start":{"line":6,"column":13},"end":{"line":6,"column":37}}},"2":{"name":"(anonymous_3)","decl":{"start":{"line":11,"column":45},"end":{"line":11,"column":48}},"loc":{"start":{"line":11,"column":13},"end":{"line":11,"column":45}}},"3":{"name":"(anonymous_4)","decl":{"start":{"line":17,"column":38},"end":{"line":17,"column":41}},"loc":{"start":{"line":17,"column":13},"end":{"line":17,"column":38}}},"4":{"name":"(anonymous_5)","decl":{"start":{"line":23,"column":36},"end":{"line":23,"column":39}},"loc":{"start":{"line":23,"column":13},"end":{"line":23,"column":36}}},"5":{"name":"(anonymous_6)","decl":{"start":{"line":29,"column":25},"end":{"line":29,"column":28}},"loc":{"start":{"line":29,"column":13},"end":{"line":29,"column":25}}}},"branchMap":{},"s":{"0":2,"1":2,"2":3,"3":3,"4":2,"5":2,"6":12,"7":12,"8":12,"9":12,"10":12,"11":12},"f":{"0":2,"1":2,"2":3,"3":3,"4":2,"5":2},"b":{}}
,"C:\\Users\\PowerGuido\\Desktop\\Matheus\\ctd-esp-front3-final\\services\\marvel\\marvel-auth.service.ts": {"path":"C:\\Users\\PowerGuido\\Desktop\\Matheus\\ctd-esp-front3-final\\services\\marvel\\marvel-auth.service.ts","statementMap":{"0":{"start":{"line":3,"column":13},"end":{"line":3,"column":41}},"1":{"start":{"line":1,"column":16},"end":{"line":1,"column":null}},"2":{"start":{"line":3,"column":44},"end":{"line":9,"column":1}},"3":{"start":{"line":4,"column":13},"end":{"line":4,"column":33}},"4":{"start":{"line":5,"column":15},"end":{"line":6,"column":null}},"5":{"start":{"line":8,"column":2},"end":{"line":8,"column":89}}},"fnMap":{"0":{"name":"(anonymous_0)","decl":{"start":{"line":3,"column":13},"end":{"line":3,"column":41}},"loc":{"start":{"line":3,"column":13},"end":{"line":3,"column":41}}},"1":{"name":"(anonymous_2)","decl":{"start":{"line":3,"column":44},"end":{"line":3,"column":50}},"loc":{"start":{"line":3,"column":50},"end":{"line":9,"column":1}}}},"branchMap":{},"s":{"0":8,"1":4,"2":4,"3":8,"4":8,"5":8},"f":{"0":8,"1":8},"b":{}}
,"C:\\Users\\PowerGuido\\Desktop\\Matheus\\ctd-esp-front3-final\\services\\marvel\\marvel.service.ts": {"path":"C:\\Users\\PowerGuido\\Desktop\\Matheus\\ctd-esp-front3-final\\services\\marvel\\marvel.service.ts","statementMap":{"0":{"start":{"line":12,"column":13},"end":{"line":12,"column":22}},"1":{"start":{"line":19,"column":13},"end":{"line":19,"column":21}},"2":{"start":{"line":37,"column":13},"end":{"line":37,"column":25}},"3":{"start":{"line":1,"column":45},"end":{"line":1,"column":null}},"4":{"start":{"line":3,"column":23},"end":{"line":3,"column":61}},"5":{"start":{"line":5,"column":17},"end":{"line":10,"column":1}},"6":{"start":{"line":6,"column":21},"end":{"line":6,"column":51}},"7":{"start":{"line":7,"column":14},"end":{"line":7,"column":78}},"8":{"start":{"line":8,"column":19},"end":{"line":8,"column":35}},"9":{"start":{"line":9,"column":2},"end":{"line":9,"column":31}},"10":{"start":{"line":12,"column":25},"end":{"line":17,"column":1}},"11":{"start":{"line":13,"column":17},"end":{"line":13,"column":38}},"12":{"start":{"line":14,"column":2},"end":{"line":14,"column":48}},"13":{"start":{"line":14,"column":14},"end":{"line":14,"column":48}},"14":{"start":{"line":15,"column":2},"end":{"line":15,"column":45}},"15":{"start":{"line":15,"column":13},"end":{"line":15,"column":45}},"16":{"start":{"line":16,"column":2},"end":{"line":16,"column":47}},"17":{"start":{"line":19,"column":24},"end":{"line":35,"column":1}},"18":{"start":{"line":20,"column":15},"end":{"line":20,"column":50}},"19":{"start":{"line":21,"column":18},"end":{"line":21,"column":35}},"20":{"start":{"line":22,"column":2},"end":{"line":34,"column":21}},"21":{"start":{"line":23,"column":18},"end":{"line":23,"column":28}},"22":{"start":{"line":24,"column":4},"end":{"line":32,"column":null}},"23":{"start":{"line":25,"column":6},"end":{"line":25,"column":23}},"24":{"start":{"line":26,"column":6},"end":{"line":26,"column":26}},"25":{"start":{"line":27,"column":6},"end":{"line":27,"column":22}},"26":{"start":{"line":29,"column":6},"end":{"line":29,"column":23}},"27":{"start":{"line":30,"column":6},"end":{"line":30,"column":26}},"28":{"start":{"line":31,"column":6},"end":{"line":31,"column":22}},"29":{"start":{"line":33,"column":4},"end":{"line":33,"column":17}},"30":{"start":{"line":34,"column":9},"end":{"line":34,"column":21}},"31":{"start":{"line":37,"column":28},"end":{"line":42,"column":1}},"32":{"start":{"line":38,"column":15},"end":{"line":38,"column":58}},"33":{"start":{"line":39,"column":18},"end":{"line":39,"column":35}},"34":{"start":{"line":40,"column":2},"end":{"line":41,"column":19}},"35":{"start":{"line":40,"column":26},"end":{"line":40,"column":44}},"36":{"start":{"line":41,"column":7},"end":{"line":41,"column":19}}},"fnMap":{"0":{"name":"(anonymous_1)","decl":{"start":{"line":12,"column":22},"end":{"line":12,"column":25}},"loc":{"start":{"line":12,"column":13},"end":{"line":12,"column":22}}},"1":{"name":"(anonymous_2)","decl":{"start":{"line":19,"column":21},"end":{"line":19,"column":24}},"loc":{"start":{"line":19,"column":13},"end":{"line":19,"column":21}}},"2":{"name":"(anonymous_3)","decl":{"start":{"line":37,"column":25},"end":{"line":37,"column":28}},"loc":{"start":{"line":37,"column":13},"end":{"line":37,"column":25}}},"3":{"name":"(anonymous_4)","decl":{"start":{"line":5,"column":17},"end":{"line":5,"column":24}},"loc":{"start":{"line":5,"column":65},"end":{"line":10,"column":1}}},"4":{"name":"(anonymous_5)","decl":{"start":{"line":12,"column":25},"end":{"line":12,"column":32}},"loc":{"start":{"line":12,"column":68},"end":{"line":17,"column":1}}},"5":{"name":"(anonymous_6)","decl":{"start":{"line":19,"column":24},"end":{"line":19,"column":31}},"loc":{"start":{"line":19,"column":51},"end":{"line":35,"column":1}}},"6":{"name":"(anonymous_7)","decl":{"start":{"line":37,"column":28},"end":{"line":37,"column":35}},"loc":{"start":{"line":37,"column":59},"end":{"line":42,"column":1}}}},"branchMap":{"0":{"loc":{"start":{"line":7,"column":61},"end":{"line":7,"column":76}},"type":"binary-expr","locations":[{"start":{"line":7,"column":61},"end":{"line":7,"column":70}},{"start":{"line":7,"column":74},"end":{"line":7,"column":76}}]},"1":{"loc":{"start":{"line":14,"column":2},"end":{"line":14,"column":48}},"type":"if","locations":[{"start":{"line":14,"column":2},"end":{"line":14,"column":48}}]},"2":{"loc":{"start":{"line":15,"column":2},"end":{"line":15,"column":45}},"type":"if","locations":[{"start":{"line":15,"column":2},"end":{"line":15,"column":45}}]},"3":{"loc":{"start":{"line":22,"column":2},"end":{"line":34,"column":21}},"type":"if","locations":[{"start":{"line":22,"column":2},"end":{"line":34,"column":21}},{"start":{"line":34,"column":9},"end":{"line":34,"column":21}}]},"4":{"loc":{"start":{"line":24,"column":4},"end":{"line":32,"column":null}},"type":"if","locations":[{"start":{"line":24,"column":4},"end":{"line":32,"column":null}},{"start":{"line":28,"column":11},"end":{"line":32,"column":null}}]},"5":{"loc":{"start":{"line":40,"column":2},"end":{"line":41,"column":19}},"type":"if","locations":[{"start":{"line":40,"column":2},"end":{"line":41,"column":19}},{"start":{"line":41,"column":7},"end":{"line":41,"column":19}}]}},"s":{"0":2,"1":3,"2":2,"3":3,"4":3,"5":3,"6":7,"7":7,"8":7,"9":7,"10":3,"11":2,"12":2,"13":1,"14":2,"15":1,"16":2,"17":3,"18":3,"19":3,"20":3,"21":2,"22":2,"23":1,"24":1,"25":1,"26":1,"27":1,"28":1,"29":2,"30":1,"31":3,"32":2,"33":2,"34":2,"35":1,"36":1},"f":{"0":2,"1":3,"2":2,"3":7,"4":2,"5":3,"6":2},"b":{"0":[7,6],"1":[1],"2":[1],"3":[2,1],"4":[1,1],"5":[1,1]}}
}
