TN:
SF:components\card\card.tsx
FN:85,(anonymous_0)
FN:19,(anonymous_2)
FN:22,(anonymous_3)
FN:26,(anonymous_4)
FNF:4
FNH:2
FNDA:2,(anonymous_0)
FNDA:2,(anonymous_2)
FNDA:0,(anonymous_3)
FNDA:0,(anonymous_4)
DA:9,1
DA:10,1
DA:11,1
DA:19,1
DA:20,2
DA:22,2
DA:23,0
DA:26,2
DA:27,0
DA:30,2
DA:32,2
DA:85,2
LF:12
LH:10
BRDA:42,0,0,0
BRDA:42,0,1,2
BRF:2
BRH:1
end_of_record
TN:
SF:components\faqs\faqsData.ts
FN:7,(anonymous_0)
FNF:1
FNH:1
FNDA:1,(anonymous_0)
DA:7,1
LF:1
LH:1
BRF:0
BRH:0
end_of_record
TN:
SF:components\layouts\layout-checkout.tsx
FN:23,(anonymous_0)
FN:8,(anonymous_5)
FNF:2
FNH:2
FNDA:9,(anonymous_0)
FNDA:9,(anonymous_5)
DA:1,2
DA:3,2
DA:4,2
DA:5,2
DA:6,2
DA:8,2
DA:11,9
DA:23,9
LF:8
LH:8
BRF:0
BRH:0
end_of_record
TN:
SF:components\layouts\layout-general.tsx
FN:23,(anonymous_0)
FN:8,(anonymous_5)
FNF:2
FNH:2
FNDA:3,(anonymous_0)
FNDA:3,(anonymous_5)
DA:1,1
DA:3,1
DA:4,1
DA:5,1
DA:6,1
DA:8,1
DA:11,3
DA:23,3
LF:8
LH:8
BRF:0
BRH:0
end_of_record
TN:
SF:components\layouts\body\single\body-single.tsx
FN:35,(anonymous_0)
FN:11,(anonymous_5)
FNF:2
FNH:2
FNDA:3,(anonymous_0)
FNDA:3,(anonymous_5)
DA:1,2
DA:3,2
DA:4,2
DA:11,2
DA:16,3
DA:35,3
LF:6
LH:6
BRDA:19,0,0,3
BRDA:19,0,1,2
BRF:2
BRH:2
end_of_record
TN:
SF:components\layouts\footer\general-footer.component.tsx
FN:46,(anonymous_0)
FN:6,(anonymous_5)
FNF:2
FNH:2
FNDA:8,(anonymous_0)
FNDA:8,(anonymous_5)
DA:1,2
DA:2,2
DA:3,2
DA:4,2
DA:6,2
DA:7,8
DA:46,8
LF:7
LH:7
BRF:0
BRH:0
end_of_record
TN:
SF:components\layouts\header\general-header.component.tsx
FN:63,(anonymous_0)
FN:14,(anonymous_5)
FN:50,(anonymous_6)
FNF:3
FNH:3
FNDA:12,(anonymous_0)
FNDA:12,(anonymous_5)
FNDA:12,(anonymous_6)
DA:1,2
DA:3,2
DA:4,2
DA:5,2
DA:6,2
DA:7,2
DA:8,2
DA:14,2
DA:15,12
DA:50,2
DA:51,12
DA:59,2
DA:63,12
LF:13
LH:13
BRDA:33,0,0,12
BRDA:33,0,1,3
BRDA:51,1,0,3
BRDA:51,1,1,9
BRF:4
BRH:4
end_of_record
TN:
SF:pages\faq.page.tsx
FN:29,(anonymous_0)
FN:6,(anonymous_2)
FN:10,(anonymous_3)
FNF:3
FNH:3
FNDA:1,(anonymous_0)
FNDA:1,(anonymous_2)
FNDA:5,(anonymous_3)
DA:1,1
DA:2,1
DA:3,1
DA:4,1
DA:6,1
DA:7,1
DA:11,5
DA:29,1
LF:8
LH:8
BRF:0
BRH:0
end_of_record
TN:
SF:pages\index.page.tsx
FN:49,(anonymous_1)
FN:62,(anonymous_2)
FN:21,(anonymous_4)
FN:34,(anonymous_5)
FN:49,(anonymous_6)
FN:51,(anonymous_7)
FNF:6
FNH:3
FNDA:0,(anonymous_1)
FNDA:1,(anonymous_2)
FNDA:1,(anonymous_4)
FNDA:2,(anonymous_5)
FNDA:0,(anonymous_6)
FNDA:0,(anonymous_7)
DA:1,1
DA:2,1
DA:3,1
DA:4,1
DA:6,1
DA:21,1
DA:23,1
DA:35,2
DA:49,1
DA:50,0
DA:51,0
DA:52,0
DA:55,0
DA:62,1
LF:14
LH:10
BRDA:33,0,0,1
BRDA:33,0,1,1
BRF:2
BRH:2
end_of_record
TN:
SF:pages\api\checkout.route.ts
FN:13,(anonymous_1)
FN:14,(anonymous_2)
FN:15,(anonymous_3)
FN:16,(anonymous_4)
FN:57,(anonymous_5)
FN:27,handler
FNF:6
FNH:6
FNDA:3,(anonymous_1)
FNDA:2,(anonymous_2)
FNDA:3,(anonymous_3)
FNDA:3,(anonymous_4)
FNDA:7,(anonymous_5)
FNDA:7,handler
DA:10,12
DA:12,12
DA:13,12
DA:14,12
DA:15,12
DA:16,12
DA:27,7
DA:31,7
DA:32,1
DA:33,1
DA:35,6
DA:36,6
DA:37,6
DA:38,1
DA:39,1
DA:41,4
DA:42,1
DA:43,1
DA:45,3
DA:46,1
DA:47,1
DA:49,2
DA:50,1
DA:51,1
DA:53,1
DA:55,1
LF:26
LH:26
BRDA:31,0,0,1
BRDA:37,1,0,1
BRDA:41,2,0,1
BRDA:45,3,0,1
BRDA:49,4,0,1
BRF:5
BRH:5
end_of_record
TN:
SF:pages\character\[id].page.tsx
FN:42,(anonymous_1)
FN:49,(anonymous_2)
FN:58,(anonymous_3)
FN:12,(anonymous_5)
FN:42,(anonymous_6)
FN:49,(anonymous_7)
FNF:6
FNH:0
FNDA:0,(anonymous_1)
FNDA:0,(anonymous_2)
FNDA:0,(anonymous_3)
FNDA:0,(anonymous_5)
FNDA:0,(anonymous_6)
FNDA:0,(anonymous_7)
DA:1,0
DA:2,0
DA:4,0
DA:6,0
DA:12,0
DA:13,0
DA:14,0
DA:17,0
DA:42,0
DA:43,0
DA:49,0
DA:50,0
DA:51,0
DA:52,0
DA:58,0
LF:15
LH:0
BRDA:13,0,0,0
BRDA:33,1,0,0
BRDA:33,1,1,0
BRF:3
BRH:0
end_of_record
TN:
SF:pages\checkout\[id].page.tsx
FN:232,(anonymous_1)
FN:234,(anonymous_2)
FN:23,(anonymous_4)
FN:32,(anonymous_5)
FN:43,(anonymous_6)
FN:46,(anonymous_7)
FN:222,(anonymous_8)
FN:234,(anonymous_9)
FNF:8
FNH:4
FNDA:4,(anonymous_1)
FNDA:0,(anonymous_2)
FNDA:6,(anonymous_4)
FNDA:2,(anonymous_5)
FNDA:0,(anonymous_6)
FNDA:2,(anonymous_7)
FNDA:0,(anonymous_8)
FNDA:0,(anonymous_9)
DA:1,1
DA:2,1
DA:3,1
DA:4,1
DA:5,1
DA:7,1
DA:9,1
DA:10,1
DA:11,1
DA:13,1
DA:14,1
DA:15,1
DA:23,1
DA:24,6
DA:27,6
DA:28,6
DA:29,6
DA:30,6
DA:32,6
DA:33,2
DA:43,2
DA:44,0
DA:45,0
DA:47,2
DA:48,2
DA:52,6
DA:222,0
DA:232,4
DA:234,1
DA:235,0
DA:236,0
DA:238,0
LF:32
LH:26
BRDA:60,0,0,6
BRDA:60,0,1,1
BRDA:73,1,0,6
BRDA:73,1,1,1
BRDA:85,2,0,6
BRDA:85,2,1,1
BRDA:100,3,0,6
BRDA:100,3,1,1
BRDA:115,4,0,6
BRDA:115,4,1,1
BRDA:127,5,0,6
BRDA:127,5,1,1
BRDA:139,6,0,6
BRDA:139,6,1,1
BRDA:154,7,0,6
BRDA:154,7,1,1
BRDA:166,8,0,6
BRDA:166,8,1,1
BRDA:178,9,0,6
BRDA:178,9,1,1
BRDA:190,10,0,6
BRDA:190,10,1,1
BRF:22
BRH:22
end_of_record
TN:
SF:pages\checkout\sucess.page.tsx
FN:48,(anonymous_0)
FN:6,(anonymous_1)
FN:13,(anonymous_2)
FNF:3
FNH:0
FNDA:0,(anonymous_0)
FNDA:0,(anonymous_1)
FNDA:0,(anonymous_2)
DA:1,0
DA:2,0
DA:3,0
DA:4,0
DA:6,0
DA:7,0
DA:9,0
DA:10,0
DA:13,0
DA:14,0
DA:15,0
DA:18,0
DA:19,0
DA:20,0
DA:48,0
LF:15
LH:0
BRDA:9,0,0,0
BRDA:39,1,0,0
BRDA:39,1,1,0
BRF:3
BRH:0
end_of_record
TN:
SF:pages\comic\[id].page.tsx
FN:67,(anonymous_1)
FN:74,(anonymous_2)
FN:85,(anonymous_3)
FN:15,(anonymous_5)
FN:19,(anonymous_6)
FN:53,(anonymous_7)
FN:67,(anonymous_8)
FN:74,(anonymous_9)
FNF:8
FNH:0
FNDA:0,(anonymous_1)
FNDA:0,(anonymous_2)
FNDA:0,(anonymous_3)
FNDA:0,(anonymous_5)
FNDA:0,(anonymous_6)
FNDA:0,(anonymous_7)
FNDA:0,(anonymous_8)
FNDA:0,(anonymous_9)
DA:1,0
DA:2,0
DA:3,0
DA:4,0
DA:5,0
DA:8,0
DA:15,0
DA:16,0
DA:17,0
DA:18,0
DA:19,0
DA:20,0
DA:22,0
DA:28,0
DA:29,0
DA:32,0
DA:54,0
DA:67,0
DA:68,0
DA:74,0
DA:75,0
DA:77,0
DA:85,0
LF:23
LH:0
BRDA:28,0,0,0
BRDA:49,1,0,0
BRDA:49,1,1,0
BRF:3
BRH:0
end_of_record
TN:
SF:services\checkout\checkout.errors.ts
FN:1,(anonymous_1)
FN:6,(anonymous_2)
FN:11,(anonymous_3)
FN:17,(anonymous_4)
FN:23,(anonymous_5)
FN:29,(anonymous_6)
FNF:6
FNH:6
FNDA:2,(anonymous_1)
FNDA:2,(anonymous_2)
FNDA:3,(anonymous_3)
FNDA:3,(anonymous_4)
FNDA:2,(anonymous_5)
FNDA:2,(anonymous_6)
DA:1,12
DA:6,12
DA:11,12
DA:17,12
DA:23,12
DA:29,12
LF:6
LH:6
BRF:0
BRH:0
end_of_record
TN:
SF:services\marvel\marvel-auth.service.ts
FN:3,(anonymous_0)
FN:3,(anonymous_2)
FNF:2
FNH:2
FNDA:8,(anonymous_0)
FNDA:8,(anonymous_2)
DA:1,4
DA:3,8
DA:4,8
DA:5,8
DA:8,8
LF:5
LH:5
BRF:0
BRH:0
end_of_record
TN:
SF:services\marvel\marvel.service.ts
FN:12,(anonymous_1)
FN:19,(anonymous_2)
FN:37,(anonymous_3)
FN:5,(anonymous_4)
FN:12,(anonymous_5)
FN:19,(anonymous_6)
FN:37,(anonymous_7)
FNF:7
FNH:7
FNDA:2,(anonymous_1)
FNDA:3,(anonymous_2)
FNDA:2,(anonymous_3)
FNDA:7,(anonymous_4)
FNDA:2,(anonymous_5)
FNDA:3,(anonymous_6)
FNDA:2,(anonymous_7)
DA:1,3
DA:3,3
DA:5,3
DA:6,7
DA:7,7
DA:8,7
DA:9,7
DA:12,3
DA:13,2
DA:14,2
DA:15,2
DA:16,2
DA:19,3
DA:20,3
DA:21,3
DA:22,3
DA:23,2
DA:24,2
DA:25,1
DA:26,1
DA:27,1
DA:29,1
DA:30,1
DA:31,1
DA:33,2
DA:34,1
DA:37,3
DA:38,2
DA:39,2
DA:40,2
DA:41,1
LF:31
LH:31
BRDA:7,0,0,7
BRDA:7,0,1,6
BRDA:14,1,0,1
BRDA:15,2,0,1
BRDA:22,3,0,2
BRDA:22,3,1,1
BRDA:24,4,0,1
BRDA:24,4,1,1
BRDA:40,5,0,1
BRDA:40,5,1,1
BRF:10
BRH:10
end_of_record
